Using pre-set license
Built from '2021.3/staging' branch; Version is '2021.3.25f1 (68ef2c4f8861) revision 6876972'; Using compiler version '192829333'; Build Type 'Release'
OS: 'Windows 11  (10.0.22621) 64bit Professional' Language: 'en' Physical Memory: 16250 MB
BatchMode: 1, IsHumanControllingUs: 0, StartBugReporterOnCrash: 0, Is64bit: 1, IsPro: 1

COMMAND LINE ARGUMENTS:
C:\Program Files\Unity\Hub\Editor\2021.3.25f1\Editor\Unity.exe
-adb2
-batchMode
-noUpm
-name
AssetImportWorker0
-projectPath
D:/MULT150/cdrzewiecki_Hour5
-logFile
Logs/AssetImportWorker0.log
-srvPort
50876
Successfully changed project path to: D:/MULT150/cdrzewiecki_Hour5
D:/MULT150/cdrzewiecki_Hour5
[UnityMemory] Configuration Parameters - Can be set up in boot.config
    "memorysetup-bucket-allocator-granularity=16"
    "memorysetup-bucket-allocator-bucket-count=8"
    "memorysetup-bucket-allocator-block-size=33554432"
    "memorysetup-bucket-allocator-block-count=8"
    "memorysetup-main-allocator-block-size=16777216"
    "memorysetup-thread-allocator-block-size=16777216"
    "memorysetup-gfx-main-allocator-block-size=16777216"
    "memorysetup-gfx-thread-allocator-block-size=16777216"
    "memorysetup-cache-allocator-block-size=4194304"
    "memorysetup-typetree-allocator-block-size=2097152"
    "memorysetup-profiler-bucket-allocator-granularity=16"
    "memorysetup-profiler-bucket-allocator-bucket-count=8"
    "memorysetup-profiler-bucket-allocator-block-size=33554432"
    "memorysetup-profiler-bucket-allocator-block-count=8"
    "memorysetup-profiler-allocator-block-size=16777216"
    "memorysetup-profiler-editor-allocator-block-size=1048576"
    "memorysetup-temp-allocator-size-main=16777216"
    "memorysetup-job-temp-allocator-block-size=2097152"
    "memorysetup-job-temp-allocator-block-size-background=1048576"
    "memorysetup-job-temp-allocator-reduction-small-platforms=262144"
    "memorysetup-temp-allocator-size-background-worker=32768"
    "memorysetup-temp-allocator-size-job-worker=262144"
    "memorysetup-temp-allocator-size-preload-manager=33554432"
    "memorysetup-temp-allocator-size-nav-mesh-worker=65536"
    "memorysetup-temp-allocator-size-audio-worker=65536"
    "memorysetup-temp-allocator-size-cloud-worker=32768"
    "memorysetup-temp-allocator-size-gi-baking-worker=262144"
    "memorysetup-temp-allocator-size-gfx=262144"
Player connection [3780] Host "[IP] 172.16.1.131 [Port] 0 [Flags] 2 [Guid] 2789519401 [EditorId] 2789519401 [Version] 1048832 [Id] WindowsEditor(7,DESKTOP-K92BJ7F) [Debug] 1 [PackageName] WindowsEditor [ProjectName] Editor" joined multi-casting on [225.0.0.222:54997]...

Player connection [3780] Host "[IP] 172.16.1.131 [Port] 0 [Flags] 2 [Guid] 2789519401 [EditorId] 2789519401 [Version] 1048832 [Id] WindowsEditor(7,DESKTOP-K92BJ7F) [Debug] 1 [PackageName] WindowsEditor [ProjectName] Editor" joined alternative multi-casting on [225.0.0.222:34997]...

Refreshing native plugins compatible for Editor in 98.33 ms, found 3 plugins.
Preloading 0 native plugins for Editor in 0.00 ms.
Initialize engine version: 2021.3.25f1 (68ef2c4f8861)
[Subsystems] Discovering subsystems at path C:/Program Files/Unity/Hub/Editor/2021.3.25f1/Editor/Data/Resources/UnitySubsystems
[Subsystems] Discovering subsystems at path D:/MULT150/cdrzewiecki_Hour5/Assets
GfxDevice: creating device client; threaded=0; jobified=0
Direct3D:
    Version:  Direct3D 11.0 [level 11.0]
    Renderer: NVIDIA GeForce MX130 (ID=0x174d)
    Vendor:   NVIDIA
    VRAM:     2010 MB
    Driver:   25.21.14.2531
Initialize mono
Mono path[0] = 'C:/Program Files/Unity/Hub/Editor/2021.3.25f1/Editor/Data/Managed'
Mono path[1] = 'C:/Program Files/Unity/Hub/Editor/2021.3.25f1/Editor/Data/MonoBleedingEdge/lib/mono/unityjit-win32'
Mono config path = 'C:/Program Files/Unity/Hub/Editor/2021.3.25f1/Editor/Data/MonoBleedingEdge/etc'
Using monoOptions --debugger-agent=transport=dt_socket,embedding=1,server=y,suspend=n,address=127.0.0.1:56724
Begin MonoManager ReloadAssembly
Registering precompiled unity dll's ...
Register platform support module: C:/Program Files/Unity/Hub/Editor/2021.3.25f1/Editor/Data/PlaybackEngines/WindowsStandaloneSupport/UnityEditor.WindowsStandalone.Extensions.dll
Registered in 0.004698 seconds.
Native extension for WindowsStandalone target not found
Refreshing native plugins compatible for Editor in 97.36 ms, found 3 plugins.
Preloading 0 native plugins for Editor in 0.00 ms.
Mono: successfully reloaded assembly
- Completed reload, in  0.868 seconds
Domain Reload Profiling:
	ReloadAssembly (869ms)
		BeginReloadAssembly (111ms)
			ExecutionOrderSort (0ms)
			DisableScriptedObjects (0ms)
			BackupInstance (0ms)
			ReleaseScriptingObjects (0ms)
			CreateAndSetChildDomain (1ms)
		EndReloadAssembly (631ms)
			LoadAssemblies (108ms)
			RebuildTransferFunctionScriptingTraits (0ms)
			SetupTypeCache (153ms)
			ReleaseScriptCaches (0ms)
			RebuildScriptCaches (38ms)
			SetupLoadedEditorAssemblies (373ms)
				LogAssemblyErrors (0ms)
				InitializePlatformSupportModulesInManaged (10ms)
				SetLoadedEditorAssemblies (0ms)
				RefreshPlugins (97ms)
				BeforeProcessingInitializeOnLoad (2ms)
				ProcessInitializeOnLoadAttributes (201ms)
				ProcessInitializeOnLoadMethodAttributes (63ms)
				AfterProcessingInitializeOnLoad (0ms)
				EditorAssembliesLoaded (0ms)
			ExecutionOrderSort2 (0ms)
			AwakeInstancesAfterBackupRestoration (0ms)
Platform modules already initialized, skipping
Registering precompiled user dll's ...
Registered in 0.004404 seconds.
Begin MonoManager ReloadAssembly
Symbol file LoadedFromMemory doesn't match image D:\MULT150\cdrzewiecki_Hour5\Library\PackageCache\com.unity.visualscripting@1.8.0\Editor\VisualScripting.Core\Dependencies\YamlDotNet\Unity.VisualScripting.YamlDotNet.dll
Symbol file LoadedFromMemory doesn't match image D:\MULT150\cdrzewiecki_Hour5\Library\PackageCache\com.unity.visualscripting@1.8.0\Editor\VisualScripting.Core\Dependencies\DotNetZip\Unity.VisualScripting.IonicZip.dll
Native extension for WindowsStandalone target not found
Refreshing native plugins compatible for Editor in 0.57 ms, found 3 plugins.
Preloading 0 native plugins for Editor in 0.00 ms.
Mono: successfully reloaded assembly
- Completed reload, in  1.290 seconds
Domain Reload Profiling:
	ReloadAssembly (1291ms)
		BeginReloadAssembly (173ms)
			ExecutionOrderSort (0ms)
			DisableScriptedObjects (9ms)
			BackupInstance (0ms)
			ReleaseScriptingObjects (0ms)
			CreateAndSetChildDomain (26ms)
		EndReloadAssembly (976ms)
			LoadAssemblies (118ms)
			RebuildTransferFunctionScriptingTraits (0ms)
			SetupTypeCache (384ms)
			ReleaseScriptCaches (1ms)
			RebuildScriptCaches (71ms)
			SetupLoadedEditorAssemblies (391ms)
				LogAssemblyErrors (0ms)
				InitializePlatformSupportModulesInManaged (5ms)
				SetLoadedEditorAssemblies (1ms)
				RefreshPlugins (1ms)
				BeforeProcessingInitializeOnLoad (94ms)
				ProcessInitializeOnLoadAttributes (261ms)
				ProcessInitializeOnLoadMethodAttributes (22ms)
				AfterProcessingInitializeOnLoad (6ms)
				EditorAssembliesLoaded (0ms)
			ExecutionOrderSort2 (0ms)
			AwakeInstancesAfterBackupRestoration (9ms)
Platform modules already initialized, skipping
========================================================================
Worker process is ready to serve import requests
Launched and connected shader compiler UnityShaderCompiler.exe after 0.06 seconds
Refreshing native plugins compatible for Editor in 0.96 ms, found 3 plugins.
Preloading 0 native plugins for Editor in 0.00 ms.
Unloading 3049 Unused Serialized files (Serialized files now loaded: 0)
Unloading 22 unused Assets / (56.5 KB). Loaded Objects now: 3511.
Memory consumption went from 107.5 MB to 107.4 MB.
Total: 3.416000 ms (FindLiveObjects: 0.325300 ms CreateObjectMapping: 0.236300 ms MarkObjects: 2.772400 ms  DeleteObjects: 0.080900 ms)

AssetImportParameters requested are different than current active one (requested -> active):
  custom:video-decoder-ogg-theora: a1e56fd34408186e4bbccfd4996cb3dc -> 
  custom:container-muxer-webm: aa71ff27fc2769a1b78a27578f13a17b -> 
  custom:container-demuxer-webm: 4f35f7cbe854078d1ac9338744f61a02 -> 
  custom:video-encoder-webm-vp8: eb34c28f22e8b96e1ab97ce403110664 -> 
  custom:video-codec-MediaFoundation-h265: 746d11721c4dcdbdad8f713fa42b33f4 -> 
  custom:audio-encoder-webm-vorbis: bf7c407c2cedff20999df2af8eb42d56 -> 
  custom:framework-win-MediaFoundation: 216162199b28c13a410421893ffa2e32 -> 
  custom:container-demuxer-ogg: 62fdf1f143b41e24485cea50d1cbac27 -> 
  custom:video-decoder-webm-vp8: 9c59270c3fd7afecdb556c50c9e8de78 -> 
  custom:audio-decoder-ogg-vorbis: bf7c407c2cedff20999df2af8eb42d56 -> 
========================================================================
Received Import Request.
  Time since last request: 63288.614878 seconds.
  path: Assets/TIY_Spotlight.unity
  artifactKey: Guid(61e9357583030d341b42c450c58c7372) Importer(815301076,1909f56bfc062723c751e8b465ee728b)
Start importing Assets/TIY_Spotlight.unity using Guid(61e9357583030d341b42c450c58c7372) Importer(815301076,1909f56bfc062723c751e8b465ee728b)  -> (artifact id: '24edf3a07126277f9417a6ecd907e2a7') in 0.016836 seconds 
========================================================================
Received Import Request.
  Time since last request: 22.008454 seconds.
  path: Assets/TIY_Point_Light 1.unity
  artifactKey: Guid(4607147bbe954114ab389b67636b2d07) Importer(815301076,1909f56bfc062723c751e8b465ee728b)
Start importing Assets/TIY_Point_Light 1.unity using Guid(4607147bbe954114ab389b67636b2d07) Importer(815301076,1909f56bfc062723c751e8b465ee728b)  -> (artifact id: 'ec35a416d9cc34d7301f221fd15d1da0') in 0.008830 seconds 
========================================================================
Received Import Request.
  Time since last request: 25.875101 seconds.
  path: Assets/TIY_Spotlight.unity
  artifactKey: Guid(4607147bbe954114ab389b67636b2d07) Importer(815301076,1909f56bfc062723c751e8b465ee728b)
Start importing Assets/TIY_Spotlight.unity using Guid(4607147bbe954114ab389b67636b2d07) Importer(815301076,1909f56bfc062723c751e8b465ee728b)  -> (artifact id: '64732cd95557063316d33362e8cc56a8') in 0.002030 seconds 
========================================================================
Received Import Request.
  Time since last request: 333.942629 seconds.
  path: Assets/TIY_Spotlight.unity
  artifactKey: Guid(4607147bbe954114ab389b67636b2d07) Importer(815301076,1909f56bfc062723c751e8b465ee728b)
Start importing Assets/TIY_Spotlight.unity using Guid(4607147bbe954114ab389b67636b2d07) Importer(815301076,1909f56bfc062723c751e8b465ee728b)  -> (artifact id: 'a01a65972d61b22748c6339fa09de57a') in 0.003825 seconds 
========================================================================
Received Import Request.
  Time since last request: 19.872949 seconds.
  path: Assets/TIY_Spotlight 1.unity
  artifactKey: Guid(85b41740be2988e4889b6600173d99c6) Importer(815301076,1909f56bfc062723c751e8b465ee728b)
Start importing Assets/TIY_Spotlight 1.unity using Guid(85b41740be2988e4889b6600173d99c6) Importer(815301076,1909f56bfc062723c751e8b465ee728b)  -> (artifact id: '288e7d6439cef1596263d3d60342bda5') in 0.010200 seconds 
========================================================================
Received Import Request.
  Time since last request: 51.451645 seconds.
  path: Assets/TIY_Directional_Light.unity
  artifactKey: Guid(85b41740be2988e4889b6600173d99c6) Importer(815301076,1909f56bfc062723c751e8b465ee728b)
Start importing Assets/TIY_Directional_Light.unity using Guid(85b41740be2988e4889b6600173d99c6) Importer(815301076,1909f56bfc062723c751e8b465ee728b)  -> (artifact id: '43c5decabce5e5367e7ea6037506b386') in 0.007838 seconds 
========================================================================
Received Import Request.
  Time since last request: 227.077141 seconds.
  path: Assets/TIY_Spotlight.unity
  artifactKey: Guid(4607147bbe954114ab389b67636b2d07) Importer(815301076,1909f56bfc062723c751e8b465ee728b)
Start importing Assets/TIY_Spotlight.unity using Guid(4607147bbe954114ab389b67636b2d07) Importer(815301076,1909f56bfc062723c751e8b465ee728b)  -> (artifact id: '502de78001ce322f6e8f1a6a319d335e') in 0.004254 seconds 
========================================================================
Received Import Request.
  Time since last request: 41.265174 seconds.
  path: Assets/TIY_Directional_Light.unity
  artifactKey: Guid(85b41740be2988e4889b6600173d99c6) Importer(815301076,1909f56bfc062723c751e8b465ee728b)
Start importing Assets/TIY_Directional_Light.unity using Guid(85b41740be2988e4889b6600173d99c6) Importer(815301076,1909f56bfc062723c751e8b465ee728b)  -> (artifact id: '95e67cd47cb5d99ed906032c67f53884') in 0.002535 seconds 
========================================================================
Received Import Request.
  Time since last request: 497.936855 seconds.
  path: Assets/TIY_Directional_Light.unity
  artifactKey: Guid(85b41740be2988e4889b6600173d99c6) Importer(815301076,1909f56bfc062723c751e8b465ee728b)
Start importing Assets/TIY_Directional_Light.unity using Guid(85b41740be2988e4889b6600173d99c6) Importer(815301076,1909f56bfc062723c751e8b465ee728b)  -> (artifact id: '994a0b8eff081b3038adc25c2c8f2fc7') in 0.004156 seconds 
========================================================================
Received Import Request.
  Time since last request: 26.346770 seconds.
  path: Assets/TIY_Directional_Light 1.unity
  artifactKey: Guid(86d01e1c8e3e28f45ba58649cfc54b1b) Importer(815301076,1909f56bfc062723c751e8b465ee728b)
Start importing Assets/TIY_Directional_Light 1.unity using Guid(86d01e1c8e3e28f45ba58649cfc54b1b) Importer(815301076,1909f56bfc062723c751e8b465ee728b)  -> (artifact id: '36de49eb16e1c3af4e9d3526fcd6817c') in 0.012437 seconds 
========================================================================
Received Import Request.
  Time since last request: 177.203897 seconds.
  path: Assets/TIY_Directional_Light 1.unity
  artifactKey: Guid(86d01e1c8e3e28f45ba58649cfc54b1b) Importer(815301076,1909f56bfc062723c751e8b465ee728b)
Start importing Assets/TIY_Directional_Light 1.unity using Guid(86d01e1c8e3e28f45ba58649cfc54b1b) Importer(815301076,1909f56bfc062723c751e8b465ee728b)  -> (artifact id: 'e869d3faf06404a5431c28e49c84f8cd') in 0.002433 seconds 
========================================================================
Received Import Request.
  Time since last request: 1.412691 seconds.
  path: Assets/TIY_Directional_Light.unity
  artifactKey: Guid(85b41740be2988e4889b6600173d99c6) Importer(815301076,1909f56bfc062723c751e8b465ee728b)
Start importing Assets/TIY_Directional_Light.unity using Guid(85b41740be2988e4889b6600173d99c6) Importer(815301076,1909f56bfc062723c751e8b465ee728b)  -> (artifact id: 'b38ae002d1380245263bf9dc5da1a948') in 0.004032 seconds 
========================================================================
Received Import Request.
  Time since last request: 2.330204 seconds.
  path: Assets/TIY_Point_Light.unity
  artifactKey: Guid(ca8939f5646958049b0f2b06a2b4e954) Importer(815301076,1909f56bfc062723c751e8b465ee728b)
Start importing Assets/TIY_Point_Light.unity using Guid(ca8939f5646958049b0f2b06a2b4e954) Importer(815301076,1909f56bfc062723c751e8b465ee728b)  -> (artifact id: 'cbd9834b500b0bbf1ddda70d9ca8f72a') in 0.004869 seconds 
========================================================================
Received Import Request.
  Time since last request: 1.212073 seconds.
  path: Assets/TIY_Spotlight.unity
  artifactKey: Guid(4607147bbe954114ab389b67636b2d07) Importer(815301076,1909f56bfc062723c751e8b465ee728b)
Start importing Assets/TIY_Spotlight.unity using Guid(4607147bbe954114ab389b67636b2d07) Importer(815301076,1909f56bfc062723c751e8b465ee728b)  -> (artifact id: 'd2cd9a5796c2c66049ca65ed07deb456') in 0.004761 seconds 
========================================================================
Received Import Request.
  Time since last request: 32.399032 seconds.
  path: Assets/TIY_Cookie_Spotlight.unity
  artifactKey: Guid(86d01e1c8e3e28f45ba58649cfc54b1b) Importer(815301076,1909f56bfc062723c751e8b465ee728b)
Start importing Assets/TIY_Cookie_Spotlight.unity using Guid(86d01e1c8e3e28f45ba58649cfc54b1b) Importer(815301076,1909f56bfc062723c751e8b465ee728b)  -> (artifact id: '7115f7b0c4991e8ab05ce664839d81ad') in 0.009512 seconds 
========================================================================
Received Import Request.
  Time since last request: 477.122637 seconds.
  path: Assets/TIY_Cookie_Spotlight.unity
  artifactKey: Guid(86d01e1c8e3e28f45ba58649cfc54b1b) Importer(815301076,1909f56bfc062723c751e8b465ee728b)
Start importing Assets/TIY_Cookie_Spotlight.unity using Guid(86d01e1c8e3e28f45ba58649cfc54b1b) Importer(815301076,1909f56bfc062723c751e8b465ee728b)  -> (artifact id: '58c7807eafc555a345113ceae94e4d64') in 0.004296 seconds 
========================================================================
Received Import Request.
  Time since last request: 547.545726 seconds.
  path: Assets/biohazard.png
  artifactKey: Guid(33c105aaae3842849a1402ff52aa3734) Importer(815301076,1909f56bfc062723c751e8b465ee728b)
Start importing Assets/biohazard.png using Guid(33c105aaae3842849a1402ff52aa3734) Importer(815301076,1909f56bfc062723c751e8b465ee728b)  -> (artifact id: 'cb1e4bb70db1ea890bc06cd6a6d7eacb') in 0.231945 seconds 
========================================================================
Received Import Request.
  Time since last request: 5.987610 seconds.
  path: Assets/TIY_Cookie_Spotlight.unity
  artifactKey: Guid(86d01e1c8e3e28f45ba58649cfc54b1b) Importer(815301076,1909f56bfc062723c751e8b465ee728b)
Start importing Assets/TIY_Cookie_Spotlight.unity using Guid(86d01e1c8e3e28f45ba58649cfc54b1b) Importer(815301076,1909f56bfc062723c751e8b465ee728b)  -> (artifact id: 'b2611a73a6bc5060063bd55186153afa') in 0.004861 seconds 
========================================================================
Received Import Request.
  Time since last request: 710.057621 seconds.
  path: Assets/biohazard.png
  artifactKey: Guid(33c105aaae3842849a1402ff52aa3734) Importer(815301076,1909f56bfc062723c751e8b465ee728b)
Start importing Assets/biohazard.png using Guid(33c105aaae3842849a1402ff52aa3734) Importer(815301076,1909f56bfc062723c751e8b465ee728b)  -> (artifact id: '835ec3bca1cadc731302d40d31c49396') in 0.059983 seconds 
========================================================================
Received Import Request.
  Time since last request: 399.200067 seconds.
  path: Assets/TIY_Cookie_Spotlight.unity
  artifactKey: Guid(86d01e1c8e3e28f45ba58649cfc54b1b) Importer(815301076,1909f56bfc062723c751e8b465ee728b)
Start importing Assets/TIY_Cookie_Spotlight.unity using Guid(86d01e1c8e3e28f45ba58649cfc54b1b) Importer(815301076,1909f56bfc062723c751e8b465ee728b)  -> (artifact id: '22a84730d950d95f853796e7b6e8aa81') in 0.004294 seconds 
========================================================================
Received Prepare
Registering precompiled user dll's ...
Registered in 0.004121 seconds.
Begin MonoManager ReloadAssembly
Symbol file LoadedFromMemory doesn't match image D:\MULT150\cdrzewiecki_Hour5\Library\PackageCache\com.unity.visualscripting@1.8.0\Editor\VisualScripting.Core\Dependencies\YamlDotNet\Unity.VisualScripting.YamlDotNet.dll
Symbol file LoadedFromMemory doesn't match image D:\MULT150\cdrzewiecki_Hour5\Library\PackageCache\com.unity.visualscripting@1.8.0\Editor\VisualScripting.Core\Dependencies\DotNetZip\Unity.VisualScripting.IonicZip.dll
Native extension for WindowsStandalone target not found
Refreshing native plugins compatible for Editor in 1.41 ms, found 3 plugins.
Preloading 0 native plugins for Editor in 0.00 ms.
Mono: successfully reloaded assembly
- Completed reload, in  2.967 seconds
Domain Reload Profiling:
	ReloadAssembly (2968ms)
		BeginReloadAssembly (597ms)
			ExecutionOrderSort (0ms)
			DisableScriptedObjects (13ms)
			BackupInstance (0ms)
			ReleaseScriptingObjects (0ms)
			CreateAndSetChildDomain (87ms)
		EndReloadAssembly (2137ms)
			LoadAssemblies (464ms)
			RebuildTransferFunctionScriptingTraits (0ms)
			SetupTypeCache (841ms)
			ReleaseScriptCaches (2ms)
			RebuildScriptCaches (108ms)
			SetupLoadedEditorAssemblies (820ms)
				LogAssemblyErrors (0ms)
				InitializePlatformSupportModulesInManaged (13ms)
				SetLoadedEditorAssemblies (2ms)
				RefreshPlugins (2ms)
				BeforeProcessingInitializeOnLoad (146ms)
				ProcessInitializeOnLoadAttributes (556ms)
				ProcessInitializeOnLoadMethodAttributes (70ms)
				AfterProcessingInitializeOnLoad (32ms)
				EditorAssembliesLoaded (0ms)
			ExecutionOrderSort2 (0ms)
			AwakeInstancesAfterBackupRestoration (55ms)
Platform modules already initialized, skipping
Refreshing native plugins compatible for Editor in 2.78 ms, found 3 plugins.
Preloading 0 native plugins for Editor in 0.00 ms.
Unloading 3042 Unused Serialized files (Serialized files now loaded: 0)
Unloading 15 unused Assets / (24.6 KB). Loaded Objects now: 3520.
Memory consumption went from 111.5 MB to 111.5 MB.
Total: 9.462700 ms (FindLiveObjects: 0.395300 ms CreateObjectMapping: 0.254100 ms MarkObjects: 8.760700 ms  DeleteObjects: 0.050800 ms)

AssetImportParameters requested are different than current active one (requested -> active):
  custom:video-decoder-ogg-theora: a1e56fd34408186e4bbccfd4996cb3dc -> 
  custom:container-muxer-webm: aa71ff27fc2769a1b78a27578f13a17b -> 
  custom:container-demuxer-webm: 4f35f7cbe854078d1ac9338744f61a02 -> 
  custom:video-encoder-webm-vp8: eb34c28f22e8b96e1ab97ce403110664 -> 
  custom:video-codec-MediaFoundation-h265: 746d11721c4dcdbdad8f713fa42b33f4 -> 
  custom:audio-encoder-webm-vorbis: bf7c407c2cedff20999df2af8eb42d56 -> 
  custom:framework-win-MediaFoundation: 216162199b28c13a410421893ffa2e32 -> 
  custom:container-demuxer-ogg: 62fdf1f143b41e24485cea50d1cbac27 -> 
  custom:video-decoder-webm-vp8: 9c59270c3fd7afecdb556c50c9e8de78 -> 
  custom:audio-decoder-ogg-vorbis: bf7c407c2cedff20999df2af8eb42d56 -> 
========================================================================
Received Prepare
Registering precompiled user dll's ...
Registered in 0.008448 seconds.
Begin MonoManager ReloadAssembly
Symbol file LoadedFromMemory doesn't match image D:\MULT150\cdrzewiecki_Hour5\Library\PackageCache\com.unity.visualscripting@1.8.0\Editor\VisualScripting.Core\Dependencies\YamlDotNet\Unity.VisualScripting.YamlDotNet.dll
Symbol file LoadedFromMemory doesn't match image D:\MULT150\cdrzewiecki_Hour5\Library\PackageCache\com.unity.visualscripting@1.8.0\Editor\VisualScripting.Core\Dependencies\DotNetZip\Unity.VisualScripting.IonicZip.dll
Native extension for WindowsStandalone target not found
Refreshing native plugins compatible for Editor in 0.83 ms, found 3 plugins.
Preloading 0 native plugins for Editor in 0.00 ms.
Mono: successfully reloaded assembly
- Completed reload, in  2.038 seconds
Domain Reload Profiling:
	ReloadAssembly (2040ms)
		BeginReloadAssembly (283ms)
			ExecutionOrderSort (0ms)
			DisableScriptedObjects (12ms)
			BackupInstance (0ms)
			ReleaseScriptingObjects (0ms)
			CreateAndSetChildDomain (62ms)
		EndReloadAssembly (1561ms)
			LoadAssemblies (197ms)
			RebuildTransferFunctionScriptingTraits (0ms)
			SetupTypeCache (569ms)
			ReleaseScriptCaches (2ms)
			RebuildScriptCaches (83ms)
			SetupLoadedEditorAssemblies (662ms)
				LogAssemblyErrors (0ms)
				InitializePlatformSupportModulesInManaged (10ms)
				SetLoadedEditorAssemblies (1ms)
				RefreshPlugins (1ms)
				BeforeProcessingInitializeOnLoad (150ms)
				ProcessInitializeOnLoadAttributes (434ms)
				ProcessInitializeOnLoadMethodAttributes (53ms)
				AfterProcessingInitializeOnLoad (13ms)
				EditorAssembliesLoaded (0ms)
			ExecutionOrderSort2 (0ms)
			AwakeInstancesAfterBackupRestoration (17ms)
Platform modules already initialized, skipping
Refreshing native plugins compatible for Editor in 2.76 ms, found 3 plugins.
Preloading 0 native plugins for Editor in 0.00 ms.
Unloading 3042 Unused Serialized files (Serialized files now loaded: 0)
Unloading 15 unused Assets / (24.6 KB). Loaded Objects now: 3523.
Memory consumption went from 111.5 MB to 111.5 MB.
Total: 5.009100 ms (FindLiveObjects: 0.353400 ms CreateObjectMapping: 0.216900 ms MarkObjects: 4.402400 ms  DeleteObjects: 0.035100 ms)

AssetImportParameters requested are different than current active one (requested -> active):
  custom:video-decoder-ogg-theora: a1e56fd34408186e4bbccfd4996cb3dc -> 
  custom:container-muxer-webm: aa71ff27fc2769a1b78a27578f13a17b -> 
  custom:container-demuxer-webm: 4f35f7cbe854078d1ac9338744f61a02 -> 
  custom:video-encoder-webm-vp8: eb34c28f22e8b96e1ab97ce403110664 -> 
  custom:video-codec-MediaFoundation-h265: 746d11721c4dcdbdad8f713fa42b33f4 -> 
  custom:audio-encoder-webm-vorbis: bf7c407c2cedff20999df2af8eb42d56 -> 
  custom:framework-win-MediaFoundation: 216162199b28c13a410421893ffa2e32 -> 
  custom:container-demuxer-ogg: 62fdf1f143b41e24485cea50d1cbac27 -> 
  custom:video-decoder-webm-vp8: 9c59270c3fd7afecdb556c50c9e8de78 -> 
  custom:audio-decoder-ogg-vorbis: bf7c407c2cedff20999df2af8eb42d56 -> 
========================================================================
Received Import Request.
  Time since last request: 2492.270937 seconds.
  path: Assets
  artifactKey: Guid(00000000000000001000000000000000) Importer(815301076,1909f56bfc062723c751e8b465ee728b)
Start importing Assets using Guid(00000000000000001000000000000000) Importer(815301076,1909f56bfc062723c751e8b465ee728b)  -> (artifact id: '79842766b460edbeab6a34051e857a80') in 0.026551 seconds 
========================================================================
Received Import Request.
  Time since last request: 3.521092 seconds.
  path: Assets/TIY_Multiple_Cameras.unity
  artifactKey: Guid(0493120b5d72535429db15f047eb2639) Importer(815301076,1909f56bfc062723c751e8b465ee728b)
Start importing Assets/TIY_Multiple_Cameras.unity using Guid(0493120b5d72535429db15f047eb2639) Importer(815301076,1909f56bfc062723c751e8b465ee728b)  -> (artifact id: '4b84916e6def166badb947108d1aa6d7') in 0.021804 seconds 
========================================================================
Received Prepare
Registering precompiled user dll's ...
Registered in 0.012697 seconds.
Begin MonoManager ReloadAssembly
Symbol file LoadedFromMemory doesn't match image D:\MULT150\cdrzewiecki_Hour5\Library\PackageCache\com.unity.visualscripting@1.8.0\Editor\VisualScripting.Core\Dependencies\YamlDotNet\Unity.VisualScripting.YamlDotNet.dll
Symbol file LoadedFromMemory doesn't match image D:\MULT150\cdrzewiecki_Hour5\Library\PackageCache\com.unity.visualscripting@1.8.0\Editor\VisualScripting.Core\Dependencies\DotNetZip\Unity.VisualScripting.IonicZip.dll
Native extension for WindowsStandalone target not found
Refreshing native plugins compatible for Editor in 1.58 ms, found 3 plugins.
Preloading 0 native plugins for Editor in 0.00 ms.
Mono: successfully reloaded assembly
- Completed reload, in  3.096 seconds
Domain Reload Profiling:
	ReloadAssembly (3100ms)
		BeginReloadAssembly (304ms)
			ExecutionOrderSort (0ms)
			DisableScriptedObjects (17ms)
			BackupInstance (0ms)
			ReleaseScriptingObjects (0ms)
			CreateAndSetChildDomain (72ms)
		EndReloadAssembly (2573ms)
			LoadAssemblies (191ms)
			RebuildTransferFunctionScriptingTraits (0ms)
			SetupTypeCache (631ms)
			ReleaseScriptCaches (8ms)
			RebuildScriptCaches (208ms)
			SetupLoadedEditorAssemblies (1275ms)
				LogAssemblyErrors (0ms)
				InitializePlatformSupportModulesInManaged (19ms)
				SetLoadedEditorAssemblies (3ms)
				RefreshPlugins (2ms)
				BeforeProcessingInitializeOnLoad (232ms)
				ProcessInitializeOnLoadAttributes (912ms)
				ProcessInitializeOnLoadMethodAttributes (82ms)
				AfterProcessingInitializeOnLoad (24ms)
				EditorAssembliesLoaded (1ms)
			ExecutionOrderSort2 (0ms)
			AwakeInstancesAfterBackupRestoration (38ms)
Platform modules already initialized, skipping
Refreshing native plugins compatible for Editor in 6.95 ms, found 3 plugins.
Preloading 0 native plugins for Editor in 0.00 ms.
Unloading 3042 Unused Serialized files (Serialized files now loaded: 0)
Unloading 15 unused Assets / (24.6 KB). Loaded Objects now: 3526.
Memory consumption went from 111.5 MB to 111.5 MB.
Total: 13.316200 ms (FindLiveObjects: 0.551200 ms CreateObjectMapping: 0.388700 ms MarkObjects: 12.293900 ms  DeleteObjects: 0.078200 ms)

AssetImportParameters requested are different than current active one (requested -> active):
  custom:video-decoder-ogg-theora: a1e56fd34408186e4bbccfd4996cb3dc -> 
  custom:container-muxer-webm: aa71ff27fc2769a1b78a27578f13a17b -> 
  custom:container-demuxer-webm: 4f35f7cbe854078d1ac9338744f61a02 -> 
  custom:video-encoder-webm-vp8: eb34c28f22e8b96e1ab97ce403110664 -> 
  custom:video-codec-MediaFoundation-h265: 746d11721c4dcdbdad8f713fa42b33f4 -> 
  custom:audio-encoder-webm-vorbis: bf7c407c2cedff20999df2af8eb42d56 -> 
  custom:framework-win-MediaFoundation: 216162199b28c13a410421893ffa2e32 -> 
  custom:container-demuxer-ogg: 62fdf1f143b41e24485cea50d1cbac27 -> 
  custom:video-decoder-webm-vp8: 9c59270c3fd7afecdb556c50c9e8de78 -> 
  custom:audio-decoder-ogg-vorbis: bf7c407c2cedff20999df2af8eb42d56 -> 
========================================================================
Received Import Request.
  Time since last request: 353.508419 seconds.
  path: Assets/TIY_Multiple_Cameras.unity
  artifactKey: Guid(0493120b5d72535429db15f047eb2639) Importer(815301076,1909f56bfc062723c751e8b465ee728b)
Start importing Assets/TIY_Multiple_Cameras.unity using Guid(0493120b5d72535429db15f047eb2639) Importer(815301076,1909f56bfc062723c751e8b465ee728b)  -> (artifact id: '017a2e3031c45d6ee046a2ff61b83539') in 0.007709 seconds 
========================================================================
Received Import Request.
  Time since last request: 235.369164 seconds.
  path: Assets/TIY_Multiple_Cameras 1.unity
  artifactKey: Guid(8531b3a0179bcd044a99f09963073381) Importer(815301076,1909f56bfc062723c751e8b465ee728b)
Start importing Assets/TIY_Multiple_Cameras 1.unity using Guid(8531b3a0179bcd044a99f09963073381) Importer(815301076,1909f56bfc062723c751e8b465ee728b)  -> (artifact id: 'd52127deb6937dbd1da2a8b2de40d4e9') in 0.008880 seconds 
========================================================================
Received Import Request.
  Time since last request: 39.295782 seconds.
  path: Assets/TIY_Ignoring_Lights_Cameras.unity
  artifactKey: Guid(8531b3a0179bcd044a99f09963073381) Importer(815301076,1909f56bfc062723c751e8b465ee728b)
Start importing Assets/TIY_Ignoring_Lights_Cameras.unity using Guid(8531b3a0179bcd044a99f09963073381) Importer(815301076,1909f56bfc062723c751e8b465ee728b)  -> (artifact id: '55ab0c0222bf458d27252e9b1bbe46e2') in 0.013230 seconds 
